<?xml version="1.0" encoding="UTF-8"?>
<!-- Generated by org.testng.reporters.JUnitReportReporter -->
<testsuite hostname="DESKTOP-KN7SOQC" failures="0" tests="4" name="tests.MortgageCalculatorDataDrivenTest" time="61.780" errors="0" timestamp="2021-01-11T17:58:30 CET" skipped="0">
  <testcase classname="tests.MortgageCalculatorDataDrivenTest" name="dataDrivenTests" time="15.043"/>
  <testcase classname="tests.MortgageCalculatorDataDrivenTest" name="dataDrivenTests" time="14.890"/>
  <testcase classname="tests.MortgageCalculatorDataDrivenTest" name="dataDrivenTests" time="16.844"/>
  <testcase classname="tests.MortgageCalculatorDataDrivenTest" name="dataDrivenTests" time="15.003"/>
</testsuite> <!-- tests.MortgageCalculatorDataDrivenTest -->
