<?xml version="1.0" encoding="UTF-8"?>
<!-- Generated by org.testng.reporters.JUnitReportReporter -->
<testsuite hostname="DESKTOP-KN7SOQC" failures="0" tests="1" name="tests.MortgageCalculatorTest" time="78.301" errors="0" timestamp="2021-06-23T12:44:29 EDT" skipped="0">
  <testcase classname="tests.MortgageCalculatorTest" name="buySinglehouse" time="78.301"/>
  <system-out/>
</testsuite> <!-- tests.MortgageCalculatorTest -->
