<?xml version="1.0" encoding="UTF-8"?>
<!-- Generated by org.testng.reporters.JUnitReportReporter -->
<testsuite hostname="DESKTOP-KN7SOQC" failures="0" tests="1" name="tests.MortgageCalculatorTest" time="76.950" errors="0" timestamp="2021-06-24T21:27:47 EDT" skipped="0">
  <testcase classname="tests.MortgageCalculatorTest" name="buySinglehouse" time="76.950"/>
  <system-out/>
</testsuite> <!-- tests.MortgageCalculatorTest -->
