<?xml version="1.0" encoding="UTF-8"?>
<!-- Generated by org.testng.reporters.JUnitReportReporter -->
<testsuite hostname="DESKTOP-KN7SOQC" failures="0" tests="1" name="tests.SeleniumRemoteTesting" time="15.196" errors="0" timestamp="2021-01-12T14:48:16 CET" skipped="0">
  <testcase classname="tests.SeleniumRemoteTesting" name="searchGoogleRemoteTest" time="15.196"/>
</testsuite> <!-- tests.SeleniumRemoteTesting -->
