<?xml version="1.0" encoding="UTF-8"?>
<!-- Generated by org.testng.reporters.JUnitReportReporter -->
<testsuite hostname="DESKTOP-KN7SOQC" failures="0" tests="1" name="tests.SeleniumRemoteTesting" time="18.527" errors="0" timestamp="2021-06-22T19:29:25 EDT" skipped="0">
  <testcase classname="tests.SeleniumRemoteTesting" name="searchGoogleRemoteTest" time="18.527"/>
  <system-out/>
</testsuite> <!-- tests.SeleniumRemoteTesting -->
