<?xml version="1.0" encoding="UTF-8"?>
<!-- Generated by org.testng.reporters.JUnitReportReporter -->
<testsuite hostname="DESKTOP-KN7SOQC" failures="0" tests="1" name="tests.MortgageCalculatorTest" time="77.212" errors="0" timestamp="2021-06-25T18:37:59 EDT" skipped="0">
  <testcase classname="tests.MortgageCalculatorTest" name="buySinglehouse" time="77.212"/>
  <system-out/>
</testsuite> <!-- tests.MortgageCalculatorTest -->
