<?xml version="1.0" encoding="UTF-8"?>
<!-- Generated by org.testng.reporters.JUnitReportReporter -->
<testsuite hostname="DESKTOP-KN7SOQC" failures="0" tests="1" name="tests.MortgageCalculatorTest" time="17.198" errors="0" timestamp="2021-01-11T18:33:01 CET" skipped="0">
  <testcase classname="tests.MortgageCalculatorTest" name="buySinglehouse" time="17.198"/>
</testsuite> <!-- tests.MortgageCalculatorTest -->
