<?xml version="1.0" encoding="UTF-8"?>
<!-- Generated by org.testng.reporters.JUnitReportReporter -->
<testsuite hostname="DESKTOP-KN7SOQC" failures="0" tests="1" name="com.selenium.tests.MortgageCalculatorTest" time="77.299" errors="0" timestamp="2021-07-15T15:14:22 EDT" skipped="0">
  <testcase classname="com.selenium.tests.MortgageCalculatorTest" name="buySinglehouse" time="77.299"/>
  <system-out/>
</testsuite> <!-- com.selenium.tests.MortgageCalculatorTest -->
