<?xml version="1.0" encoding="UTF-8"?>
<!-- Generated by org.testng.reporters.JUnitReportReporter -->
<testsuite hostname="DESKTOP-KN7SOQC" failures="0" tests="4" name="Tests.MortgageCalculatorDataDrivenTest" time="63.006" errors="0" timestamp="2021-01-07T12:19:27 CET" skipped="0">
  <testcase classname="Tests.MortgageCalculatorDataDrivenTest" name="dataDrivenTests" time="17.351"/>
  <testcase classname="Tests.MortgageCalculatorDataDrivenTest" name="dataDrivenTests" time="15.785"/>
  <testcase classname="Tests.MortgageCalculatorDataDrivenTest" name="dataDrivenTests" time="15.325"/>
  <testcase classname="Tests.MortgageCalculatorDataDrivenTest" name="dataDrivenTests" time="14.545"/>
</testsuite> <!-- Tests.MortgageCalculatorDataDrivenTest -->
