<?xml version="1.0" encoding="UTF-8"?>
<!-- Generated by org.testng.reporters.JUnitReportReporter -->
<testsuite hostname="DESKTOP-KN7SOQC" failures="0" tests="4" name="Tests.MortgageCalculatorDataDrivenTest" time="83.198" errors="0" timestamp="2021-01-09T09:59:20 CET" skipped="0">
  <testcase classname="Tests.MortgageCalculatorDataDrivenTest" name="dataDrivenTests" time="22.058"/>
  <testcase classname="Tests.MortgageCalculatorDataDrivenTest" name="dataDrivenTests" time="17.595"/>
  <testcase classname="Tests.MortgageCalculatorDataDrivenTest" name="dataDrivenTests" time="22.348"/>
  <testcase classname="Tests.MortgageCalculatorDataDrivenTest" name="dataDrivenTests" time="21.197"/>
</testsuite> <!-- Tests.MortgageCalculatorDataDrivenTest -->
