<?xml version="1.0" encoding="UTF-8"?>
<!-- Generated by org.testng.reporters.JUnitReportReporter -->
<testsuite hostname="DESKTOP-KN7SOQC" failures="0" tests="4" name="tests.MortgageCalculatorDataDrivenTest" time="254.925" errors="0" timestamp="2021-07-02T13:05:13 EDT" skipped="0">
  <testcase classname="tests.MortgageCalculatorDataDrivenTest" name="dataDrivenTests" time="62.616"/>
  <system-out/>
  <testcase classname="tests.MortgageCalculatorDataDrivenTest" name="dataDrivenTests" time="62.802"/>
  <system-out/>
  <testcase classname="tests.MortgageCalculatorDataDrivenTest" name="dataDrivenTests" time="65.087"/>
  <system-out/>
  <testcase classname="tests.MortgageCalculatorDataDrivenTest" name="dataDrivenTests" time="64.420"/>
  <system-out/>
</testsuite> <!-- tests.MortgageCalculatorDataDrivenTest -->
