<?xml version="1.0" encoding="UTF-8"?>
<!-- Generated by org.testng.reporters.JUnitReportReporter -->
<testsuite hostname="DESKTOP-KN7SOQC" failures="0" tests="1" name="Tests.MortgageCalculatorTest" time="46.827" errors="0" timestamp="2021-01-08T12:26:01 CET" skipped="0">
  <testcase classname="Tests.MortgageCalculatorTest" name="buySinglehouse" time="46.827"/>
</testsuite> <!-- Tests.MortgageCalculatorTest -->
