<?xml version="1.0" encoding="UTF-8"?>
<!-- Generated by org.testng.reporters.JUnitReportReporter -->
<testsuite hostname="DESKTOP-KN7SOQC" failures="0" tests="1" name="Tests.MortgageCalculatorTest" time="17.215" errors="0" timestamp="2021-01-08T11:53:54 CET" skipped="0">
  <testcase classname="Tests.MortgageCalculatorTest" name="buySinglehouse" time="17.215"/>
</testsuite> <!-- Tests.MortgageCalculatorTest -->
