<?xml version="1.0" encoding="UTF-8"?>
<!-- Generated by org.testng.reporters.JUnitReportReporter -->
<testsuite hostname="DESKTOP-KN7SOQC" failures="0" tests="4" name="Tests.MortgageCalculatorDataDrivenTest" time="85.428" errors="0" timestamp="2021-01-09T19:17:03 CET" skipped="0">
  <testcase classname="Tests.MortgageCalculatorDataDrivenTest" name="dataDrivenTests" time="22.541"/>
  <testcase classname="Tests.MortgageCalculatorDataDrivenTest" name="dataDrivenTests" time="23.532"/>
  <testcase classname="Tests.MortgageCalculatorDataDrivenTest" name="dataDrivenTests" time="18.815"/>
  <testcase classname="Tests.MortgageCalculatorDataDrivenTest" name="dataDrivenTests" time="20.540"/>
</testsuite> <!-- Tests.MortgageCalculatorDataDrivenTest -->
