<?xml version="1.0" encoding="UTF-8"?>
<!-- Generated by org.testng.reporters.JUnitReportReporter -->
<testsuite hostname="DESKTOP-KN7SOQC" failures="0" tests="1" name="com.selenium.tests.SpinnerPage" time="19.268" errors="0" timestamp="2021-07-27T23:01:46 EDT" skipped="0">
  <testcase classname="com.selenium.tests.SpinnerPage" name="clickTimeSpinner" time="19.268"/>
  <system-out/>
</testsuite> <!-- com.selenium.tests.SpinnerPage -->
