<?xml version="1.0" encoding="UTF-8"?>
<!-- Generated by org.testng.reporters.JUnitReportReporter -->
<testsuite hostname="DESKTOP-KN7SOQC" failures="0" tests="4" name="Tests.MortgageCalculatorDataDrivenTest" time="63.950" errors="0" timestamp="2021-01-07T11:42:59 CET" skipped="0">
  <testcase classname="Tests.MortgageCalculatorDataDrivenTest" name="dataDrivenTests" time="15.133"/>
  <testcase classname="Tests.MortgageCalculatorDataDrivenTest" name="dataDrivenTests" time="14.888"/>
  <testcase classname="Tests.MortgageCalculatorDataDrivenTest" name="dataDrivenTests" time="17.712"/>
  <testcase classname="Tests.MortgageCalculatorDataDrivenTest" name="dataDrivenTests" time="16.217"/>
</testsuite> <!-- Tests.MortgageCalculatorDataDrivenTest -->
