<?xml version="1.0" encoding="UTF-8"?>
<!-- Generated by org.testng.reporters.JUnitReportReporter -->
<testsuite hostname="DESKTOP-KN7SOQC" failures="0" tests="3" name="Tests.FileUploadTests" time="75.393" errors="0" timestamp="2021-01-07T15:13:27 CET" skipped="0">
  <testcase classname="Tests.FileUploadTests" name="fileUploadTest1" time="24.505"/>
  <testcase classname="Tests.FileUploadTests" name="fileUploadTest3" time="25.932"/>
  <testcase classname="Tests.FileUploadTests" name="fileUploadTest2" time="24.956"/>
</testsuite> <!-- Tests.FileUploadTests -->
