<?xml version="1.0" encoding="UTF-8"?>
<!-- Generated by org.testng.reporters.JUnitReportReporter -->
<testsuite hostname="DESKTOP-KN7SOQC" failures="0" tests="4" name="tests.MortgageCalculatorDataDrivenTest" time="282.475" errors="0" timestamp="2021-01-21T10:13:47 CET" skipped="0">
  <testcase classname="tests.MortgageCalculatorDataDrivenTest" name="dataDrivenTests" time="69.827"/>
  <testcase classname="tests.MortgageCalculatorDataDrivenTest" name="dataDrivenTests" time="69.868"/>
  <testcase classname="tests.MortgageCalculatorDataDrivenTest" name="dataDrivenTests" time="73.371"/>
  <testcase classname="tests.MortgageCalculatorDataDrivenTest" name="dataDrivenTests" time="69.409"/>
</testsuite> <!-- tests.MortgageCalculatorDataDrivenTest -->
