<?xml version="1.0" encoding="UTF-8"?>
<!-- Generated by org.testng.reporters.JUnitReportReporter -->
<testsuite hostname="DESKTOP-KN7SOQC" failures="0" tests="4" name="tests.MortgageCalculatorDataDrivenTest" time="271.599" errors="0" timestamp="2021-06-17T11:59:35 EDT" skipped="0">
  <testcase classname="tests.MortgageCalculatorDataDrivenTest" name="dataDrivenTests" time="67.496"/>
  <system-out/>
  <testcase classname="tests.MortgageCalculatorDataDrivenTest" name="dataDrivenTests" time="67.655"/>
  <system-out/>
  <testcase classname="tests.MortgageCalculatorDataDrivenTest" name="dataDrivenTests" time="69.154"/>
  <system-out/>
  <testcase classname="tests.MortgageCalculatorDataDrivenTest" name="dataDrivenTests" time="67.294"/>
  <system-out/>
</testsuite> <!-- tests.MortgageCalculatorDataDrivenTest -->
