<?xml version="1.0" encoding="UTF-8"?>
<!-- Generated by org.testng.reporters.JUnitReportReporter -->
<testsuite hostname="DESKTOP-KN7SOQC" failures="0" tests="1" name="tests.MortgageCalculatorTest" time="79.325" errors="0" timestamp="2021-01-27T10:22:28 CET" skipped="0">
  <testcase classname="tests.MortgageCalculatorTest" name="buySinglehouse" time="79.325"/>
</testsuite> <!-- tests.MortgageCalculatorTest -->
