<?xml version="1.0" encoding="UTF-8"?>
<!-- Generated by org.testng.reporters.JUnitReportReporter -->
<testsuite hostname="DESKTOP-KN7SOQC" failures="0" tests="1" name="Tests.SeleniumRemoteTesting" time="6.117" errors="0" timestamp="2021-01-07T15:37:40 CET" skipped="0">
  <testcase classname="Tests.SeleniumRemoteTesting" name="searchGoogleRemoteTest" time="6.117"/>
</testsuite> <!-- Tests.SeleniumRemoteTesting -->
