<?xml version="1.0" encoding="UTF-8"?>
<!-- Generated by org.testng.reporters.JUnitReportReporter -->
<testsuite hostname="DESKTOP-KN7SOQC" failures="0" tests="1" name="Tests.MortgageCalculatorTest" time="19.973" errors="0" timestamp="2021-01-07T12:05:06 CET" skipped="0">
  <testcase classname="Tests.MortgageCalculatorTest" name="buySinglehouse" time="19.973"/>
</testsuite> <!-- Tests.MortgageCalculatorTest -->
