<?xml version="1.0" encoding="UTF-8"?>
<!-- Generated by org.testng.reporters.JUnitReportReporter -->
<testsuite hostname="DESKTOP-KN7SOQC" failures="0" tests="1" name="tests.MortgageCalculatorTest" time="90.075" errors="0" timestamp="2021-06-22T00:11:35 EDT" skipped="0">
  <testcase classname="tests.MortgageCalculatorTest" name="buySinglehouse" time="90.075"/>
  <system-out/>
</testsuite> <!-- tests.MortgageCalculatorTest -->
