<?xml version="1.0" encoding="UTF-8"?>
<!-- Generated by org.testng.reporters.JUnitReportReporter -->
<testsuite hostname="DESKTOP-KN7SOQC" failures="0" tests="4" name="tests.MortgageCalculatorDataDrivenTest" time="278.169" errors="0" timestamp="2021-01-18T12:19:12 CET" skipped="0">
  <testcase classname="tests.MortgageCalculatorDataDrivenTest" name="dataDrivenTests" time="69.011"/>
  <testcase classname="tests.MortgageCalculatorDataDrivenTest" name="dataDrivenTests" time="69.757"/>
  <testcase classname="tests.MortgageCalculatorDataDrivenTest" name="dataDrivenTests" time="70.290"/>
  <testcase classname="tests.MortgageCalculatorDataDrivenTest" name="dataDrivenTests" time="69.111"/>
</testsuite> <!-- tests.MortgageCalculatorDataDrivenTest -->
