<?xml version="1.0" encoding="UTF-8"?>
<!-- Generated by org.testng.reporters.JUnitReportReporter -->
<testsuite hostname="DESKTOP-KN7SOQC" failures="0" tests="1" name="tests.MortgageCalculatorTest" time="79.644" errors="0" timestamp="2021-06-16T22:58:50 EDT" skipped="0">
  <testcase classname="tests.MortgageCalculatorTest" name="buySinglehouse" time="79.644"/>
</testsuite> <!-- tests.MortgageCalculatorTest -->
